{:server-socket #<ServerSocket ServerSocket[addr=localhost/127.0.0.1,localport=56540]>, :connections #<Ref@3fdecce: #{}>}
(20.340102064514213 6.300101148986869 2.2200993179321813 6.300101148986869 20.340102064514213 20.160097944641166 2.280100691223197 6.200098860168509 6.200098860168509 20.160097944641166 12.180098402404838 20.160097944641166 6.300101148986869 20.340102064514213 0.24009977569585317 20.160097944641166 0.26010023345952504 6.300101148986869 2.2200993179321813 2.280100691223197 20.160097944641166 12.32010160675054 0.24009977569585317 2.2200993179321813 6.300101148986869 0.24009977569585317 0.24009977569585317 6.200098860168509 0.26010023345952504 2.280100691223197 0.26010023345952504 0.24009977569585317 6.200098860168509 20.160097944641166 12.32010160675054 20.160097944641166 20.160097944641166 0.24009977569585317 6.200098860168509 20.340102064514213 12.180098402404838 6.200098860168509 12.180098402404838 6.300101148986869 6.200098860168509 12.32010160675054 6.300101148986869 12.32010160675054 2.280100691223197 2.2200993179321813 6.300101148986869 20.160097944641166 12.32010160675054 2.2200993179321813 12.180098402404838 2.2200993179321813 12.32010160675054 2.280100691223197 20.160097944641166 6.200098860168509 2.280100691223197 12.180098402404838 2.280100691223197 12.180098402404838 12.180098402404838 20.160097944641166 0.26010023345952504 12.32010160675054 6.300101148986869 20.160097944641166 12.180098402404838 0.26010023345952504 12.32010160675054 6.200098860168509 20.340102064514213 6.300101148986869 12.32010160675054 20.340102064514213 0.24009977569585317 0.26010023345952504 2.280100691223197 0.24009977569585317 20.160097944641166 12.32010160675054 20.340102064514213 12.180098402404838 20.340102064514213 6.200098860168509 20.160097944641166 2.280100691223197 0.26010023345952504 6.300101148986869 12.32010160675054 2.280100691223197 20.340102064514213 6.300101148986869 12.32010160675054 6.300101148986869 0.24009977569585317 2.2200993179321813)
(10.176103407287883 4.7961023391726485 17.556104475403117 14.516095930481242 23.136094862366008 1.4161012710574141 3.276098066711711 3.276098066711711 3.276098066711711 4.7961023391726485 0.6560991348269454 7.896096998596477 3.276098066711711 10.176103407287883 1.4161012710574141 7.896096998596477 7.896096998596477 0.03610020294217975 14.516095930481242 4.7961023391726485 0.03610020294217975 7.896096998596477 17.556104475403117 1.4161012710574141 4.7961023391726485 23.136094862366008 7.896096998596477 7.896096998596477 0.03610020294217975 10.176103407287883 4.7961023391726485 10.176103407287883 7.896096998596477 10.176103407287883 0.03610020294217975 0.03610020294217975 17.556104475403117 17.556104475403117 0.03610020294217975 3.276098066711711 14.516095930481242 7.896096998596477 0.6560991348269454 0.6560991348269454 23.136094862366008 1.4161012710574141 4.7961023391726485 1.4161012710574141 17.556104475403117 3.276098066711711 4.7961023391726485 17.556104475403117 3.276098066711711 1.4161012710574141 1.4161012710574141 7.896096998596477 14.516095930481242 4.7961023391726485 3.276098066711711 7.896096998596477 7.896096998596477 17.556104475403117 10.176103407287883 0.03610020294217975 1.4161012710574141 4.7961023391726485 17.556104475403117 1.4161012710574141 1.4161012710574141 14.516095930481242 10.176103407287883 10.176103407287883 4.7961023391726485 0.03610020294217975 7.896096998596477 10.176103407287883 4.7961023391726485 7.896096998596477 0.6560991348269454 4.7961023391726485 23.136094862366008 1.4161012710574141 1.4161012710574141 0.03610020294217975 17.556104475403117 10.176103407287883 23.136094862366008 14.516095930481242 3.276098066711711 10.176103407287883 7.896096998596477 4.7961023391726485 1.4161012710574141 4.7961023391726485 14.516095930481242 7.896096998596477 0.6560991348269454 0.6560991348269454 7.896096998596477 14.516095930481242)
(12.39040322265646 2.190398645019741 2.190398645019741 12.110396813965053 0.2704004760744283 0.23039956054708455 12.39040322265646 20.430404138183803 20.430404138183803 20.430404138183803 20.07039589843771 6.350402307129116 20.430404138183803 6.150397729492397 20.07039589843771 12.110396813965053 20.430404138183803 6.150397729492397 6.350402307129116 0.2704004760744283 12.110396813965053 6.150397729492397 2.310401391601772 2.190398645019741 0.23039956054708455 6.150397729492397 12.39040322265646 12.110396813965053 20.430404138183803 6.150397729492397 12.39040322265646 6.350402307129116 20.07039589843771 6.350402307129116 20.07039589843771 12.110396813965053 6.350402307129116 6.350402307129116 2.310401391601772 2.310401391601772 2.190398645019741 0.2704004760744283 12.110396813965053 0.2704004760744283 0.23039956054708455 12.39040322265646 20.07039589843771 2.310401391601772 2.310401391601772 6.350402307129116 12.39040322265646 0.23039956054708455 20.07039589843771 2.310401391601772 20.07039589843771 6.150397729492397 12.110396813965053 20.430404138183803 12.110396813965053 12.39040322265646 2.310401391601772 6.150397729492397 6.350402307129116 2.190398645019741 2.190398645019741 0.23039956054708455 20.07039589843771 2.310401391601772 12.110396813965053 6.350402307129116 12.39040322265646 12.110396813965053 12.110396813965053 2.310401391601772 20.07039589843771 6.150397729492397 2.190398645019741 0.2704004760744283 6.350402307129116 12.39040322265646 12.39040322265646 20.07039589843771 12.39040322265646 6.350402307129116 2.310401391601772 12.110396813965053 6.350402307129116 20.07039589843771 6.350402307129116 0.23039956054708455 2.310401391601772 12.110396813965053 6.350402307129116 6.150397729492397 20.07039589843771 12.110396813965053 0.2704004760744283 20.430404138183803 12.39040322265646 20.430404138183803)
(19.448098654174828 2.5281004852295155 5.8080992645263905 6.708100790405297 19.448098654174828 21.06810140075686 0.16809987487795297 5.8080992645263905 21.06810140075686 0.16809987487795297 1.9880995697021717 5.8080992645263905 1.9880995697021717 0.16809987487795297 12.888101095581078 19.448098654174828 12.888101095581078 0.16809987487795297 6.708100790405297 21.06810140075686 0.3481001800537342 19.448098654174828 5.8080992645263905 6.708100790405297 0.16809987487795297 12.888101095581078 6.708100790405297 12.888101095581078 5.8080992645263905 2.5281004852295155 5.8080992645263905 5.8080992645263905 11.62809895935061 0.16809987487795297 0.3481001800537342 2.5281004852295155 5.8080992645263905 0.3481001800537342 19.448098654174828 0.16809987487795297 12.888101095581078 12.888101095581078 12.888101095581078 11.62809895935061 19.448098654174828 21.06810140075686 5.8080992645263905 11.62809895935061 6.708100790405297 0.16809987487795297 21.06810140075686 0.16809987487795297 11.62809895935061 19.448098654174828 6.708100790405297 12.888101095581078 19.448098654174828 6.708100790405297 1.9880995697021717 0.16809987487795297 19.448098654174828 5.8080992645263905 11.62809895935061 19.448098654174828 19.448098654174828 6.708100790405297 19.448098654174828 1.9880995697021717 2.5281004852295155 2.5281004852295155 19.448098654174828 0.3481001800537342 5.8080992645263905 21.06810140075686 0.3481001800537342 0.3481001800537342 19.448098654174828 21.06810140075686 21.06810140075686 0.3481001800537342 11.62809895935061 21.06810140075686 0.3481001800537342 19.448098654174828 11.62809895935061 21.06810140075686 21.06810140075686 2.5281004852295155 0.3481001800537342 21.06810140075686 1.9880995697021717 21.06810140075686 12.888101095581078 6.708100790405297 6.708100790405297 0.3481001800537342 19.448098654174828 11.62809895935061 0.16809987487795297 6.708100790405297)
(0.6888998733520566 23.328899263000494 0.6888998733520566 0.6888998733520566 0.028900025939947227 14.668899415588385 0.6888998733520566 23.328899263000494 0.6888998733520566 4.7089003311157285 0.6888998733520566 3.348899720764166 3.348899720764166 10.048900483703619 17.38890063629151 10.048900483703619 1.3689001785278379 23.328899263000494 8.008899568176275 14.668899415588385 10.048900483703619 4.7089003311157285 3.348899720764166 4.7089003311157285 3.348899720764166 0.028900025939947227 1.3689001785278379 14.668899415588385 3.348899720764166 0.028900025939947227 10.048900483703619 8.008899568176275 8.008899568176275 8.008899568176275 0.6888998733520566 23.328899263000494 17.38890063629151 0.028900025939947227 1.3689001785278379 8.008899568176275 4.7089003311157285 0.6888998733520566 0.028900025939947227 14.668899415588385 23.328899263000494 0.6888998733520566 3.348899720764166 17.38890063629151 1.3689001785278379 8.008899568176275 8.008899568176275 10.048900483703619 8.008899568176275 10.048900483703619 17.38890063629151 17.38890063629151 0.6888998733520566 0.028900025939947227 1.3689001785278379 4.7089003311157285 14.668899415588385 14.668899415588385 14.668899415588385 1.3689001785278379 0.6888998733520566 4.7089003311157285 17.38890063629151 10.048900483703619 0.6888998733520566 4.7089003311157285 3.348899720764166 8.008899568176275 0.028900025939947227 1.3689001785278379 4.7089003311157285 17.38890063629151 8.008899568176275 17.38890063629151 4.7089003311157285 4.7089003311157285 10.048900483703619 23.328899263000494 17.38890063629151 4.7089003311157285 17.38890063629151 0.6888998733520566 1.3689001785278379 8.008899568176275 23.328899263000494 0.028900025939947227 17.38890063629151 1.3689001785278379 17.38890063629151 10.048900483703619 17.38890063629151 0.028900025939947227 14.668899415588385 1.3689001785278379 23.328899263000494 17.38890063629151)
(1.5375994323730993 0.05759989013677114 1.5375994323730993 1.5375994323730993 14.137601721191459 7.617601263427787 0.05759989013677114 5.017598974609427 5.017598974609427 17.977598059082084 0.577600347900443 1.5375994323730993 14.137601721191459 5.017598974609427 10.497598516845756 10.497598516845756 14.137601721191459 10.497598516845756 14.137601721191459 5.017598974609427 14.137601721191459 1.5375994323730993 5.017598974609427 7.617601263427787 1.5375994323730993 10.497598516845756 1.5375994323730993 1.5375994323730993 10.497598516845756 7.617601263427787 1.5375994323730993 14.137601721191459 17.977598059082084 1.5375994323730993 22.65760217895513 10.497598516845756 0.577600347900443 7.617601263427787 1.5375994323730993 10.497598516845756 0.577600347900443 17.977598059082084 3.097600805664115 22.65760217895513 22.65760217895513 5.017598974609427 7.617601263427787 1.5375994323730993 22.65760217895513 10.497598516845756 14.137601721191459 1.5375994323730993 10.497598516845756 17.977598059082084 0.577600347900443 7.617601263427787 3.097600805664115 0.05759989013677114 0.577600347900443 14.137601721191459 3.097600805664115 17.977598059082084 7.617601263427787 3.097600805664115 0.577600347900443 3.097600805664115 10.497598516845756 0.05759989013677114 0.577600347900443 1.5375994323730993 10.497598516845756 1.5375994323730993 0.05759989013677114 0.577600347900443 5.017598974609427 3.097600805664115 7.617601263427787 0.577600347900443 0.05759989013677114 7.617601263427787 0.05759989013677114 3.097600805664115 22.65760217895513 1.5375994323730993 1.5375994323730993 7.617601263427787 5.017598974609427 3.097600805664115 3.097600805664115 5.017598974609427 1.5375994323730993 0.577600347900443 1.5375994323730993 14.137601721191459 17.977598059082084 7.617601263427787 1.5375994323730993 17.977598059082084 1.5375994323730993 3.097600805664115)
(14.364106939698104 7.784105108643416 14.364106939698104 0.6241014465340413 4.884095953369979 0.044099615479353815 4.884095953369979 0.044099615479353815 14.364106939698104 7.784105108643416 3.204103277588729 7.784105108643416 14.364106939698104 17.724092291260604 17.724092291260604 4.884095953369979 17.724092291260604 14.364106939698104 0.6241014465340413 3.204103277588729 14.364106939698104 17.724092291260604 10.304094122315291 22.94410877075279 4.884095953369979 0.6241014465340413 10.304094122315291 17.724092291260604 14.364106939698104 10.304094122315291 4.884095953369979 1.4640977844246663 3.204103277588729 17.724092291260604 4.884095953369979 3.204103277588729 0.6241014465340413 1.4640977844246663 22.94410877075279 10.304094122315291 22.94410877075279 14.364106939698104 0.044099615479353815 0.6241014465340413 22.94410877075279 3.204103277588729 4.884095953369979 14.364106939698104 1.4640977844246663 4.884095953369979 0.044099615479353815 7.784105108643416 0.6241014465340413 0.6241014465340413 1.4640977844246663 4.884095953369979 3.204103277588729 10.304094122315291 0.6241014465340413 4.884095953369979 7.784105108643416 17.724092291260604 0.044099615479353815 4.884095953369979 10.304094122315291 10.304094122315291 0.044099615479353815 10.304094122315291 3.204103277588729 22.94410877075279 14.364106939698104 0.6241014465340413 17.724092291260604 14.364106939698104 0.044099615479353815 4.884095953369979 3.204103277588729 4.884095953369979 22.94410877075279 0.044099615479353815 0.044099615479353815 1.4640977844246663 0.6241014465340413 17.724092291260604 4.884095953369979 22.94410877075279 4.884095953369979 17.724092291260604 0.6241014465340413 7.784105108643416 3.204103277588729 0.6241014465340413 10.304094122315291 4.884095953369979 17.724092291260604 7.784105108643416 7.784105108643416 10.304094122315291 17.724092291260604 7.784105108643416)
(3.385600561523461 17.305598730468773 0.7056002563476795 0.7056002563476795 0.025599951171898283 1.345599645996117 1.345599645996117 1.345599645996117 9.985599035644555 9.985599035644555 23.425601477050805 4.665599340820336 1.345599645996117 3.385600561523461 0.025599951171898283 14.745601171875023 17.305598730468773 23.425601477050805 23.425601477050805 8.065600866699242 1.345599645996117 23.425601477050805 4.665599340820336 17.305598730468773 1.345599645996117 0.025599951171898283 14.745601171875023 14.745601171875023 1.345599645996117 23.425601477050805 0.025599951171898283 17.305598730468773 17.305598730468773 8.065600866699242 0.025599951171898283 4.665599340820336 0.025599951171898283 9.985599035644555 1.345599645996117 1.345599645996117 8.065600866699242 0.7056002563476795 0.025599951171898283 3.385600561523461 3.385600561523461 0.7056002563476795 8.065600866699242 23.425601477050805 3.385600561523461 17.305598730468773 23.425601477050805 9.985599035644555 9.985599035644555 4.665599340820336 1.345599645996117 14.745601171875023 1.345599645996117 17.305598730468773 9.985599035644555 8.065600866699242 3.385600561523461 0.025599951171898283 17.305598730468773 1.345599645996117 14.745601171875023 4.665599340820336 3.385600561523461 17.305598730468773 23.425601477050805 0.025599951171898283 23.425601477050805 3.385600561523461 9.985599035644555 4.665599340820336 1.345599645996117 4.665599340820336 3.385600561523461 8.065600866699242 9.985599035644555 0.025599951171898283 23.425601477050805 4.665599340820336 23.425601477050805 17.305598730468773 9.985599035644555 9.985599035644555 14.745601171875023 0.025599951171898283 4.665599340820336 0.7056002563476795 3.385600561523461 0.025599951171898283 4.665599340820336 3.385600561523461 23.425601477050805 17.305598730468773 4.665599340820336 3.385600561523461 17.305598730468773 4.665599340820336)
(4.840003356934176 0.6399987792974571 4.840003356934176 4.840003356934176 33.639991149902926)
(1.0 9.0 25.0 9.0 0.0)
(14.440001449584997 7.840001068115271 3.240000686645544 3.240000686645544 3.240000686645544 0.6400003051758176 0.6400003051758176 0.6400003051758176 0.6400003051758176 0.03999992370609107 0.03999992370609107 0.03999992370609107 0.03999992370609107 0.03999992370609107 1.4399995422363645 1.4399995422363645 4.839999160766638 4.839999160766638 10.239998779296911 17.639998397827185)
(14.440001449584997 7.840001068115271 3.240000686645544 3.240000686645544 3.240000686645544 0.6400003051758176 0.6400003051758176 0.6400003051758176 0.6400003051758176 0.03999992370609107 0.03999992370609107 0.03999992370609107 0.03999992370609107 0.03999992370609107 1.4399995422363645 1.4399995422363645 4.839999160766638 4.839999160766638 10.239998779296911 17.639998397827185)
(14.440001449584997 7.840001068115271 3.240000686645544 3.240000686645544 3.240000686645544 0.6400003051758176 0.6400003051758176 0.6400003051758176 0.6400003051758176 0.03999992370609107 0.03999992370609107 0.03999992370609107 0.03999992370609107 0.03999992370609107 1.4399995422363645 1.4399995422363645 4.839999160766638 4.839999160766638 10.239998779296911 17.639998397827185)
(1.0 0.0 1.0)
(1.0 0.0 1.0)
(1.0 0.0 1.0)
(1.0 0.0 1.0)
(-1.0 0.0 1.0)
(-1.0 0.0 1.0)
(-1.0 0.0 1.0)
(-1.0 0.0 1.0)
(-1.0 0.0 1.0)
(-1.0 0.0 1.0)
(-1.0 0.0 1.0)
(3.0 -4.0 -3.0 4.0 0.0)
(-1.6000003814697266 -2.6000003814697266 1.3999996185302734 0.39999961853027344 2.3999996185302734)
(2.6000003814697266 -0.39999961853027344 0.6000003814697266 -0.39999961853027344 -2.3999996185302734)
(-3.0 -4.0 1.0 2.0 4.0)
{:server-socket #<ServerSocket ServerSocket[addr=localhost/127.0.0.1,localport=53701]>, :connections #<Ref@3fdecce: #{}>}
(-4.0 -3.0 -2.0 -1.0 0.0 1.0 2.0 3.0 4.0)
(-4.0 -3.0 -2.0 -1.0 0.0 1.0 2.0 3.0 4.0)
(16.0 9.0 4.0 1.0 0.0 1.0 4.0 9.0 16.0)
(16.0 9.0 4.0 1.0 0.0 1.0 4.0 9.0 16.0)
(16.0 9.0 4.0 1.0 0.0 1.0 4.0 9.0 16.0)
(16.0 9.0 4.0 1.0 0.0 1.0 4.0 9.0 16.0)
(16.0 9.0 4.0 1.0 0.0 1.0 4.0 9.0 16.0)
(16.0 9.0 4.0 1.0 0.0 1.0 4.0 9.0 16.0)
(16.0 9.0 4.0 1.0 0.0 1.0 4.0 9.0 16.0)
60.0
60.0
60.0
60.0
60.0
60.0
60.0
6.666666666666667
6.666666666666667
6.666666666666667
6.666666666666667
1.333
6.666666666666667
6.666666666666667
6.666666666666667
7.5
7.5
2.581988897471611
2.581988897471611
2.581988897471611
2.581988897471611
2.581988897471611
2.581988897471611
2.7386127875258306
2.7386127875258306
(-1.5491933384829668 -1.161895003862225 -0.7745966692414834 -0.3872983346207417 0.0 0.3872983346207417 0.7745966692414834 1.161895003862225 1.5491933384829668)
-0.7745966692414834
-0.7302967433402214
-0.7302967433402214
1.2565617248750864
1.2909944487358054
1.2565617248750864
1.2909944487358054
1.2565617248750864
1.2909944487358054
11
1.2565617248750864
1.2909944487358054
11
11
(12 13 14 15 16 17 18 19 20 13 14 15 16 17 18 19 20 21 14 15 16 17 18 19 20 21 22 15 16 17 18 19 20 21 22 23 16 17 18 19 20 21 22 23 24 17 18 19 20 21 22 23 24 25 18 19 20 21 22 23 24 25 26 19 20 21 22 23 24 25 26 27 20 21 22 23 24 25 26 27 28)
(12 13 14 15 16 17 18 19 20 13 14 15 16 17 18 19 20 21 14 15 16 17 18 19 20 21 22 15 16 17 18 19 20 21 22 23 16 17 18 19 20 21 22 23 24 17 18 19 20 21 22 23 24 25 18 19 20 21 22 23 24 25 26 19 20 21 22 23 24 25 26 27 20 21 22 23 24 25 26 27 28)
(2 4 6 8)
(2 4 6 8)
1.0
1.0
0.7263909311015948
0.7263909311015948
1.0
1.0
0.536047515408392
0.536047515408392
0.9800000000000003
1.0
0.9800000000000003
1.0
0.9800000000000003
1.0
0.9800000000000003
1.0
(-1.5993419699495495 -1.4216373066218218 -1.243932643294094 -1.0662279799663663 -0.8885233166386386 -0.7108186533109109 -0.5331139899831832 -0.35540932665545544 -0.17770466332772772 0.0 0.17770466332772772 0.35540932665545544 0.5331139899831832 0.7108186533109109 0.8885233166386386 1.0662279799663663 1.243932643294094 1.4216373066218218 1.5993419699495495)
